total 20
-rw-rw-r-- 1 daniel daniel    0 nov 17  2019 Aula1
-rw-rw-r-- 1 daniel daniel    0 mai 18  2017 Aula10
-rw-rw-r-- 1 daniel daniel    0 mai 18  2017 AULA10
-rw-rw-r-- 1 daniel daniel    0 mai 18  2017 Aula11
-rw-rw-r-- 1 daniel daniel    0 mai 18  2017 AULA11
-rw-rw-r-- 1 daniel daniel    0 mai 18  2017 Aula12
-rw-rw-r-- 1 daniel daniel    0 mai 18  2017 AULA12
-rw-rw-r-- 1 daniel daniel    0 mai 18  2017 Aula13
-rw-rw-r-- 1 daniel daniel    0 mai 18  2017 Aula14
-rw-rw-r-- 1 daniel daniel    0 mai 18  2017 Aula15
-rw-rw-r-- 1 daniel daniel    0 mai 18  2017 Aula2
-rw-rw-r-- 1 daniel daniel    0 mai 18  2017 Aula20
-rw-rw-r-- 1 daniel daniel    0 mai 18  2017 Aula3
-rw-rw-r-- 1 daniel daniel    0 mai 18  2017 Aula30
-rw-rw-r-- 1 daniel daniel    0 mai 18  2017 Aula4
-rw-rw-r-- 1 daniel daniel    0 mai 18  2017 Aula5
-rw-rw-r-- 1 daniel daniel    0 mai 18  2017 AULA50
-rw-rw-r-- 1 daniel daniel    0 mai 18  2017 AULA51
-rw-rw-r-- 1 daniel daniel    0 mai 18  2017 AULA52
-rw-rw-r-- 1 daniel daniel    0 mai 18  2017 AULA53
-rw-rw-r-- 1 daniel daniel    0 mai 18  2017 Aula6
-rw-rw-r-- 1 daniel daniel    0 mai 18  2017 Aula7
-rw-rw-r-- 1 daniel daniel    0 mai 18  2017 Aula8
-rw-rw-r-- 1 daniel daniel    0 mai 18  2017 Aula9
-rw-rw-r-- 1 daniel daniel   74 nov 18 20:51 saida_ls_erro.out
-rw-rw-r-- 1 daniel daniel   74 nov 18 20:53 saida_ls.out
-rw-rw-r-- 1 daniel daniel 7136 nov 18 20:33 teste.txt
drwxrwxr-x 2 daniel daniel 4096 nov 17 17:07 x
